[INFO] Scanning for projects...
[INFO] 
[INFO] ---------------< es.marugi.spring.api:api-first-sample >----------------
[INFO] Building api-first-sample 0.0.1-SNAPSHOT
[INFO]   from pom.xml
[INFO] --------------------------------[ jar ]---------------------------------
[INFO] 
[INFO] --- openapi-generator:7.6.0:generate (generate-openapi-sources) @ api-first-sample ---
[WARNING] Generation using 3.1.0 specs is in development and is not officially supported yet. If you would like to expedite development, please consider woking on the open issues in the 3.1.0 project: https://github.com/orgs/OpenAPITools/projects/4/views/1 and reach out to our team on Slack at https://join.slack.com/t/openapi-generator/shared_invite/zt-12jxxd7p2-XUeQM~4pzsU9x~eGLQqX2g
[INFO] Generating with dryRun=false
[INFO] No .openapi-generator-ignore file found.
[INFO] OpenAPI Generator: spring (server)
[INFO] Generator 'spring' is considered stable.
[INFO] ----------------------------------
[INFO] Set base package to invoker package (es.marugi.spring.api.generated.invoker)
[INFO] Environment variable JAVA_POST_PROCESS_FILE not defined so the Java code may not be properly formatted. To define it, try 'export JAVA_POST_PROCESS_FILE="/usr/local/bin/clang-format -i"' (Linux/Mac)
[INFO] NOTE: To enable file post-processing, 'enablePostProcessFile' must be set to `true` (--enable-post-process-file for CLI).
[INFO] Processing operation listGames
[INFO] Processing operation createGame
[INFO] Processing operation getGameById
[INFO] Processing operation updateGame
[INFO] Processing operation deleteGame
[WARNING] Generation using 3.1.0 specs is in development and is not officially supported yet. If you would like to expedite development, please consider woking on the open issues in the 3.1.0 project: https://github.com/orgs/OpenAPITools/projects/4/views/1 and reach out to our team on Slack at https://join.slack.com/t/openapi-generator/shared_invite/zt-12jxxd7p2-XUeQM~4pzsU9x~eGLQqX2g
[INFO] writing file C:\Users\marrubio\ssg\arch\springboot4-api-first\target\generated-sources\openapi\src\main\java\es\marugi\spring\api\generated\model\CreateGameDTO.java
[INFO] writing file C:\Users\marrubio\ssg\arch\springboot4-api-first\target\generated-sources\openapi\src\main\java\es\marugi\spring\api\generated\model\ErrorResponse.java
[INFO] writing file C:\Users\marrubio\ssg\arch\springboot4-api-first\target\generated-sources\openapi\src\main\java\es\marugi\spring\api\generated\model\GameDTO.java
[INFO] writing file C:\Users\marrubio\ssg\arch\springboot4-api-first\target\generated-sources\openapi\src\main\java\es\marugi\spring\api\generated\model\UpdateGameDTO.java
[INFO] Implementation file C:\Users\marrubio\ssg\arch\springboot4-api-first\target\generated-sources\openapi\src\main\java\es\marugi\spring\api\generated\api\V1ApiController.java is not overwritten
[INFO] writing file C:\Users\marrubio\ssg\arch\springboot4-api-first\target\generated-sources\openapi\src\main\java\es\marugi\spring\api\generated\api\V1Api.java
[INFO] writing file C:\Users\marrubio\ssg\arch\springboot4-api-first\target\generated-sources\openapi\src\main\java\es\marugi\spring\api\generated\api\V1ApiDelegate.java
[INFO] Skipping generation of Webhooks.
[INFO] Skipped C:\Users\marrubio\ssg\arch\springboot4-api-first\target\generated-sources\openapi\pom.xml (Skipped by supportingFiles options supplied by user.)
[INFO] Skipped C:\Users\marrubio\ssg\arch\springboot4-api-first\target\generated-sources\openapi\README.md (Skipped by supportingFiles options supplied by user.)
[INFO] Skipped C:\Users\marrubio\ssg\arch\springboot4-api-first\target\generated-sources\openapi\src\main\java\es\marugi\spring\api\generated\invoker\OpenApiGeneratorApplication.java (Skipped by supportingFiles options supplied by user.)
[INFO] Skipped C:\Users\marrubio\ssg\arch\springboot4-api-first\target\generated-sources\openapi\src\test\java\es\marugi\spring\api\generated\invoker\OpenApiGeneratorApplicationTests.java (Skipped by supportingFiles options supplied by user.)
[INFO] Skipped C:\Users\marrubio\ssg\arch\springboot4-api-first\target\generated-sources\openapi\src\main\java\es\marugi\spring\api\generated\invoker\RFC3339DateFormat.java (Skipped by supportingFiles options supplied by user.)
[INFO] Skipped C:\Users\marrubio\ssg\arch\springboot4-api-first\target\generated-sources\openapi\src\main\resources\application.properties (Skipped by supportingFiles options supplied by user.)
[INFO] Skipped C:\Users\marrubio\ssg\arch\springboot4-api-first\target\generated-sources\openapi\src\main\java\org\openapitools\configuration\HomeController.java (Skipped by supportingFiles options supplied by user.)
[INFO] Skipped C:\Users\marrubio\ssg\arch\springboot4-api-first\target\generated-sources\openapi\src\main\resources\openapi.yaml (Skipped by supportingFiles options supplied by user.)
[INFO] Skipped C:\Users\marrubio\ssg\arch\springboot4-api-first\target\generated-sources\openapi\src\main\java\org\openapitools\configuration\SpringDocConfiguration.java (Skipped by supportingFiles options supplied by user.)
[INFO] writing file C:\Users\marrubio\ssg\arch\springboot4-api-first\target\generated-sources\openapi\src\main\java\es\marugi\spring\api\generated\api\ApiUtil.java
[INFO] Skipped C:\Users\marrubio\ssg\arch\springboot4-api-first\target\generated-sources\openapi\.openapi-generator-ignore (Skipped by supportingFiles options supplied by user.)
[INFO] writing file C:\Users\marrubio\ssg\arch\springboot4-api-first\target\generated-sources\openapi\.openapi-generator\VERSION
[INFO] writing file C:\Users\marrubio\ssg\arch\springboot4-api-first\target\generated-sources\openapi\.openapi-generator\FILES
################################################################################
# Thanks for using OpenAPI Generator.                                          #
# Please consider donation to help us maintain this project ?                 #
# https://opencollective.com/openapi_generator/donate                          #
################################################################################
[INFO] 
[INFO] --- resources:3.3.1:resources (default-resources) @ api-first-sample ---
[INFO] Copying 3 resources from src\main\resources to target\classes
[INFO] Copying 1 resource from src\main\resources to target\classes
[INFO] 
[INFO] --- compiler:3.13.0:compile (default-compile) @ api-first-sample ---
[INFO] Recompiling the module because of changed source code.
[INFO] Compiling 28 source files with javac [debug parameters release 25] to target\classes
[INFO] 
[INFO] --- resources:3.3.1:testResources (default-testResources) @ api-first-sample ---
[INFO] Copying 1 resource from src\test\resources to target\test-classes
[INFO] 
[INFO] --- compiler:3.13.0:testCompile (default-testCompile) @ api-first-sample ---
[INFO] Recompiling the module because of changed dependency.
[INFO] Compiling 9 source files with javac [debug parameters release 25] to target\test-classes
[INFO] 
[INFO] --- surefire:3.2.5:test (default-test) @ api-first-sample ---
[INFO] Using auto detected provider org.apache.maven.surefire.junitplatform.JUnitPlatformProvider
[INFO] 
[INFO] -------------------------------------------------------
[INFO]  T E S T S
[INFO] -------------------------------------------------------
[INFO] Running es.marugi.spring.api.adapter.out.persistence.GameJpaRepositoryTest

  .   ____          _            __ _ _
 /\\ / ___'_ __ _ _(_)_ __  __ _ \ \ \ \
( ( )\___ | '_ | '_| | '_ \/ _` | \ \ \ \
 \\/  ___)| |_)| | | | | || (_| |  ) ) ) )
  '  |____| .__|_| |_|_| |_\__, | / / / /
 =========|_|==============|___/=/_/_/_/

 :: Spring Boot ::                (v4.0.2)

2026-04-16T17:28:34.502+02:00  INFO 4964 --- [           main] e.m.s.a.a.o.p.GameJpaRepositoryTest      : Starting GameJpaRepositoryTest using Java 25.0.2 with PID 4964 (started by marrubio in C:\Users\marrubio\ssg\arch\springboot4-api-first)
2026-04-16T17:28:34.508+02:00  INFO 4964 --- [           main] e.m.s.a.a.o.p.GameJpaRepositoryTest      : The following 1 profile is active: "test"
2026-04-16T17:28:37.662+02:00  INFO 4964 --- [           main] .s.d.r.c.RepositoryConfigurationDelegate : Bootstrapping Spring Data JPA repositories in DEFAULT mode.
2026-04-16T17:28:38.139+02:00  INFO 4964 --- [           main] .s.d.r.c.RepositoryConfigurationDelegate : Finished Spring Data repository scanning in 458 ms. Found 1 JPA repository interface.
2026-04-16T17:28:39.048+02:00  INFO 4964 --- [           main] org.hibernate.orm.jpa                    : HHH008540: Processing PersistenceUnitInfo [name: default]
2026-04-16T17:28:39.178+02:00  INFO 4964 --- [           main] org.hibernate.orm.core                   : HHH000001: Hibernate ORM core version 7.2.1.Final
2026-04-16T17:28:40.037+02:00  INFO 4964 --- [           main] o.s.o.j.p.SpringPersistenceUnitInfo      : No LoadTimeWeaver setup: ignoring JPA class transformer
2026-04-16T17:28:40.083+02:00  INFO 4964 --- [           main] com.zaxxer.hikari.HikariDataSource       : HikariPool-1 - Starting...
2026-04-16T17:28:40.406+02:00  INFO 4964 --- [           main] com.zaxxer.hikari.pool.HikariPool        : HikariPool-1 - Added connection conn0: url=jdbc:h2:mem:app user=SA
2026-04-16T17:28:40.409+02:00  INFO 4964 --- [           main] com.zaxxer.hikari.HikariDataSource       : HikariPool-1 - Start completed.
2026-04-16T17:28:40.503+02:00  INFO 4964 --- [           main] org.hibernate.orm.connections.pooling    : HHH10001005: Database info:
	Database JDBC URL [jdbc:h2:mem:app]
	Database driver: H2 JDBC Driver
	Database dialect: H2Dialect
	Database version: 2.4.240
	Default catalog/schema: APP/PUBLIC
	Autocommit mode: undefined/unknown
	Isolation level: READ_COMMITTED [default READ_COMMITTED]
	JDBC fetch size: 100
	Pool: DataSourceConnectionProvider
	Minimum pool size: undefined/unknown
	Maximum pool size: undefined/unknown
2026-04-16T17:28:41.930+02:00  INFO 4964 --- [           main] org.hibernate.orm.core                   : HHH000489: No JTA platform available (set 'hibernate.transaction.jta.platform' to enable JTA platform integration)
Hibernate: drop table if exists game cascade 
Hibernate: create table game (development_year integer, score float(53), id bigint generated by default as identity, recorded_at timestamp(6), description varchar(255), title varchar(255) unique, primary key (id))
2026-04-16T17:28:42.015+02:00  INFO 4964 --- [           main] j.LocalContainerEntityManagerFactoryBean : Initialized JPA EntityManagerFactory for persistence unit 'default'
2026-04-16T17:28:42.256+02:00  INFO 4964 --- [           main] o.s.d.j.r.query.QueryEnhancerFactories   : Hibernate is in classpath; If applicable, HQL parser will be used.
2026-04-16T17:28:42.745+02:00  INFO 4964 --- [           main] e.m.s.a.i.config.SecurityConfig          : CORS allowed origins: [http://localhost:3000]
2026-04-16T17:28:44.760+02:00  INFO 4964 --- [           main] o.s.b.a.e.web.EndpointLinksResolver      : Exposing 2 endpoints beneath base path '/actuator'
2026-04-16T17:28:44.905+02:00  INFO 4964 --- [           main] e.m.s.a.a.o.p.GameJpaRepositoryTest      : Started GameJpaRepositoryTest in 10.815 seconds (process running for 13.614)
Hibernate: insert into game (description,development_year,recorded_at,score,title,id) values (?,?,?,?,?,default)
Hibernate: delete from game where id=?
Hibernate: select g1_0.id,g1_0.description,g1_0.development_year,g1_0.recorded_at,g1_0.score,g1_0.title from game g1_0 where g1_0.id=?
Hibernate: insert into game (description,development_year,recorded_at,score,title,id) values (?,?,?,?,?,default)
Hibernate: insert into game (description,development_year,recorded_at,score,title,id) values (?,?,?,?,?,default)
2026-04-16T17:28:45.891+02:00  WARN 4964 --- [           main] org.hibernate.orm.jdbc.error             : HHH000247: ErrorCode: 23505, SQLState: 23505
2026-04-16T17:28:45.891+02:00  WARN 4964 --- [           main] org.hibernate.orm.jdbc.error             : Violación de indice de Unicidad ó Clave primaria: "PUBLIC.CONSTRAINT_2 INDEX PUBLIC.CONSTRAINT_INDEX_2 ON PUBLIC.GAME(TITLE NULLS FIRST) VALUES ( /* 2 */ 'Unique Title' )"
Unique index or primary key violation: "PUBLIC.CONSTRAINT_2 INDEX PUBLIC.CONSTRAINT_INDEX_2 ON PUBLIC.GAME(TITLE NULLS FIRST) VALUES ( /* 2 */ 'Unique Title' )"; SQL statement:
insert into game (description,development_year,recorded_at,score,title,id) values (?,?,?,?,?,default) [23505-240]
Hibernate: insert into game (description,development_year,recorded_at,score,title,id) values (?,?,?,?,?,default)
Hibernate: insert into game (description,development_year,recorded_at,score,title,id) values (?,?,?,?,?,default)
Hibernate: insert into game (description,development_year,recorded_at,score,title,id) values (?,?,?,?,?,default)
Hibernate: select g1_0.id,g1_0.description,g1_0.development_year,g1_0.recorded_at,g1_0.score,g1_0.title from game g1_0
[INFO] Tests run: 4, Failures: 0, Errors: 0, Skipped: 0, Time elapsed: 12.61 s -- in es.marugi.spring.api.adapter.out.persistence.GameJpaRepositoryTest
[INFO] Running es.marugi.spring.api.application.service.GameServiceImplTest
2026-04-16T17:28:46.444+02:00  WARN 4964 --- [           main] e.m.s.a.a.service.GameServiceImpl        : Game not found for id 77
2026-04-16T17:28:46.468+02:00  WARN 4964 --- [           main] e.m.s.a.a.service.GameServiceImpl        : Game not found for id 55
2026-04-16T17:28:46.473+02:00  INFO 4964 --- [           main] e.m.s.a.a.service.GameServiceImpl        : Game updated with id 1 and title 'Updated Title'
2026-04-16T17:28:46.483+02:00  INFO 4964 --- [           main] e.m.s.a.a.service.GameServiceImpl        : Game created with id 1 and title 'Created Game'
2026-04-16T17:28:46.489+02:00  INFO 4964 --- [           main] e.m.s.a.a.service.GameServiceImpl        : Game deleted with id 3 and title 'Delete Me'
2026-04-16T17:28:46.498+02:00  WARN 4964 --- [           main] e.m.s.a.a.service.GameServiceImpl        : Game not found for id 99
[INFO] Tests run: 8, Failures: 0, Errors: 0, Skipped: 0, Time elapsed: 0.429 s -- in es.marugi.spring.api.application.service.GameServiceImplTest
[INFO] Running es.marugi.spring.api.DemoApplicationTests
2026-04-16T17:28:46.503+02:00  INFO 4964 --- [           main] t.c.s.AnnotationConfigContextLoaderUtils : Could not detect default configuration classes for test class [es.marugi.spring.api.DemoApplicationTests]: DemoApplicationTests does not declare any static, non-private, non-final, nested classes annotated with @Configuration.
2026-04-16T17:28:46.525+02:00  INFO 4964 --- [           main] .b.t.c.SpringBootTestContextBootstrapper : Found @SpringBootConfiguration es.marugi.spring.api.DemoApplication for test class es.marugi.spring.api.DemoApplicationTests
[INFO] Tests run: 1, Failures: 0, Errors: 0, Skipped: 0, Time elapsed: 0.036 s -- in es.marugi.spring.api.DemoApplicationTests
[INFO] Running es.marugi.spring.api.GameControllerIntegrationTest
2026-04-16T17:28:46.541+02:00  INFO 4964 --- [           main] t.c.s.AnnotationConfigContextLoaderUtils : Could not detect default configuration classes for test class [es.marugi.spring.api.GameControllerIntegrationTest]: GameControllerIntegrationTest does not declare any static, non-private, non-final, nested classes annotated with @Configuration.
2026-04-16T17:28:46.543+02:00  INFO 4964 --- [           main] .b.t.c.SpringBootTestContextBootstrapper : Found @SpringBootConfiguration es.marugi.spring.api.DemoApplication for test class es.marugi.spring.api.GameControllerIntegrationTest

  .   ____          _            __ _ _
 /\\ / ___'_ __ _ _(_)_ __  __ _ \ \ \ \
( ( )\___ | '_ | '_| | '_ \/ _` | \ \ \ \
 \\/  ___)| |_)| | | | | || (_| |  ) ) ) )
  '  |____| .__|_| |_|_| |_\__, | / / / /
 =========|_|==============|___/=/_/_/_/

 :: Spring Boot ::                (v4.0.2)

2026-04-16T17:28:46.588+02:00  INFO 4964 --- [           main] e.m.s.api.GameControllerIntegrationTest  : Starting GameControllerIntegrationTest using Java 25.0.2 with PID 4964 (started by marrubio in C:\Users\marrubio\ssg\arch\springboot4-api-first)
2026-04-16T17:28:46.588+02:00  INFO 4964 --- [           main] e.m.s.api.GameControllerIntegrationTest  : The following 1 profile is active: "test"
2026-04-16T17:28:47.220+02:00  INFO 4964 --- [           main] .s.d.r.c.RepositoryConfigurationDelegate : Bootstrapping Spring Data JPA repositories in DEFAULT mode.
2026-04-16T17:28:47.263+02:00  INFO 4964 --- [           main] .s.d.r.c.RepositoryConfigurationDelegate : Finished Spring Data repository scanning in 40 ms. Found 1 JPA repository interface.
2026-04-16T17:28:47.569+02:00  INFO 4964 --- [           main] o.s.boot.tomcat.TomcatWebServer          : Tomcat initialized with port 0 (http)
2026-04-16T17:28:47.596+02:00  INFO 4964 --- [           main] o.apache.catalina.core.StandardService   : Starting service [Tomcat]
2026-04-16T17:28:47.597+02:00  INFO 4964 --- [           main] o.apache.catalina.core.StandardEngine    : Starting Servlet engine: [Apache Tomcat/11.0.15]
2026-04-16T17:28:47.782+02:00  INFO 4964 --- [           main] b.w.c.s.WebApplicationContextInitializer : Root WebApplicationContext: initialization completed in 1190 ms
2026-04-16T17:28:47.886+02:00  INFO 4964 --- [           main] e.m.s.a.i.config.SecurityConfig          : CORS allowed origins: [http://localhost:3000]
2026-04-16T17:28:48.019+02:00  INFO 4964 --- [           main] org.hibernate.orm.jpa                    : HHH008540: Processing PersistenceUnitInfo [name: default]
2026-04-16T17:28:48.054+02:00  INFO 4964 --- [           main] o.s.o.j.p.SpringPersistenceUnitInfo      : No LoadTimeWeaver setup: ignoring JPA class transformer
2026-04-16T17:28:48.057+02:00  INFO 4964 --- [           main] com.zaxxer.hikari.HikariDataSource       : HikariPool-2 - Starting...
2026-04-16T17:28:48.059+02:00  INFO 4964 --- [           main] com.zaxxer.hikari.pool.HikariPool        : HikariPool-2 - Added connection conn10: url=jdbc:h2:mem:app user=SA
2026-04-16T17:28:48.060+02:00  INFO 4964 --- [           main] com.zaxxer.hikari.HikariDataSource       : HikariPool-2 - Start completed.
2026-04-16T17:28:48.061+02:00  INFO 4964 --- [           main] org.hibernate.orm.connections.pooling    : HHH10001005: Database info:
	Database JDBC URL [jdbc:h2:mem:app]
	Database driver: H2 JDBC Driver
	Database dialect: H2Dialect
	Database version: 2.4.240
	Default catalog/schema: APP/PUBLIC
	Autocommit mode: undefined/unknown
	Isolation level: READ_COMMITTED [default READ_COMMITTED]
	JDBC fetch size: 100
	Pool: DataSourceConnectionProvider
	Minimum pool size: undefined/unknown
	Maximum pool size: undefined/unknown
2026-04-16T17:28:48.106+02:00  INFO 4964 --- [           main] org.hibernate.orm.core                   : HHH000489: No JTA platform available (set 'hibernate.transaction.jta.platform' to enable JTA platform integration)
Hibernate: drop table if exists game cascade 
Hibernate: create table game (development_year integer, score float(53), id bigint generated by default as identity, recorded_at timestamp(6), description varchar(255), title varchar(255) unique, primary key (id))
2026-04-16T17:28:48.114+02:00  INFO 4964 --- [           main] j.LocalContainerEntityManagerFactoryBean : Initialized JPA EntityManagerFactory for persistence unit 'default'
2026-04-16T17:28:48.438+02:00  INFO 4964 --- [           main] o.s.b.a.e.web.EndpointLinksResolver      : Exposing 2 endpoints beneath base path '/actuator'
2026-04-16T17:28:48.540+02:00  INFO 4964 --- [           main] o.s.boot.tomcat.TomcatWebServer          : Tomcat started on port 52589 (http) with context path '/api'
2026-04-16T17:28:48.546+02:00  INFO 4964 --- [           main] e.m.s.api.GameControllerIntegrationTest  : Started GameControllerIntegrationTest in 1.997 seconds (process running for 17.255)
2026-04-16T17:28:49.724+02:00  INFO 4964 --- [o-auto-1-exec-1] o.a.c.c.C.[Tomcat].[localhost].[/api]    : Initializing Spring DispatcherServlet 'dispatcherServlet'
2026-04-16T17:28:49.724+02:00  INFO 4964 --- [o-auto-1-exec-1] o.s.web.servlet.DispatcherServlet        : Initializing Servlet 'dispatcherServlet'
2026-04-16T17:28:49.726+02:00  INFO 4964 --- [o-auto-1-exec-1] o.s.web.servlet.DispatcherServlet        : Completed initialization in 2 ms
Hibernate: select g1_0.id,g1_0.description,g1_0.development_year,g1_0.recorded_at,g1_0.score,g1_0.title from game g1_0 where g1_0.id=?
2026-04-16T17:28:50.222+02:00  WARN 4964 --- [o-auto-1-exec-2] e.m.s.a.a.service.GameServiceImpl        : Game not found for id 999999
Hibernate: insert into game (description,development_year,recorded_at,score,title,id) values (?,?,?,?,?,default)
2026-04-16T17:28:50.257+02:00  INFO 4964 --- [o-auto-1-exec-3] e.m.s.a.a.service.GameServiceImpl        : Game created with id 1 and title 'Update Test Game'
Hibernate: select g1_0.id,g1_0.description,g1_0.development_year,g1_0.recorded_at,g1_0.score,g1_0.title from game g1_0 where g1_0.id=?
2026-04-16T17:28:50.326+02:00  INFO 4964 --- [o-auto-1-exec-4] e.m.s.a.a.service.GameServiceImpl        : Game updated with id 1 and title 'Updated Game Title'
Hibernate: update game set description=?,development_year=?,recorded_at=?,score=?,title=? where id=?
Hibernate: select g1_0.id,g1_0.description,g1_0.development_year,g1_0.recorded_at,g1_0.score,g1_0.title from game g1_0 where g1_0.id=?
2026-04-16T17:28:50.360+02:00  WARN 4964 --- [o-auto-1-exec-5] e.m.s.a.a.service.GameServiceImpl        : Game not found for id 999999
Hibernate: insert into game (description,development_year,recorded_at,score,title,id) values (?,?,?,?,?,default)
2026-04-16T17:28:50.387+02:00  INFO 4964 --- [o-auto-1-exec-6] e.m.s.a.a.service.GameServiceImpl        : Game created with id 2 and title 'Integration Test Game'
Hibernate: select g1_0.id,g1_0.description,g1_0.development_year,g1_0.recorded_at,g1_0.score,g1_0.title from game g1_0 where g1_0.id=?
Hibernate: select g1_0.id,g1_0.description,g1_0.development_year,g1_0.recorded_at,g1_0.score,g1_0.title from game g1_0
[INFO] Tests run: 5, Failures: 0, Errors: 0, Skipped: 0, Time elapsed: 3.963 s -- in es.marugi.spring.api.GameControllerIntegrationTest
[INFO] Running es.marugi.spring.api.SecurityIntegrationTest
2026-04-16T17:28:50.513+02:00  INFO 4964 --- [           main] t.c.s.AnnotationConfigContextLoaderUtils : Could not detect default configuration classes for test class [es.marugi.spring.api.SecurityIntegrationTest]: SecurityIntegrationTest does not declare any static, non-private, non-final, nested classes annotated with @Configuration.
2026-04-16T17:28:50.530+02:00  INFO 4964 --- [           main] .b.t.c.SpringBootTestContextBootstrapper : Found @SpringBootConfiguration es.marugi.spring.api.DemoApplication for test class es.marugi.spring.api.SecurityIntegrationTest

  .   ____          _            __ _ _
 /\\ / ___'_ __ _ _(_)_ __  __ _ \ \ \ \
( ( )\___ | '_ | '_| | '_ \/ _` | \ \ \ \
 \\/  ___)| |_)| | | | | || (_| |  ) ) ) )
  '  |____| .__|_| |_|_| |_\__, | / / / /
 =========|_|==============|___/=/_/_/_/

 :: Spring Boot ::                (v4.0.2)

2026-04-16T17:28:50.615+02:00  INFO 4964 --- [           main] e.m.spring.api.SecurityIntegrationTest   : Starting SecurityIntegrationTest using Java 25.0.2 with PID 4964 (started by marrubio in C:\Users\marrubio\ssg\arch\springboot4-api-first)
2026-04-16T17:28:50.616+02:00  INFO 4964 --- [           main] e.m.spring.api.SecurityIntegrationTest   : The following 1 profile is active: "security"
2026-04-16T17:28:51.519+02:00  INFO 4964 --- [           main] .s.d.r.c.RepositoryConfigurationDelegate : Bootstrapping Spring Data JPA repositories in DEFAULT mode.
2026-04-16T17:28:51.576+02:00  INFO 4964 --- [           main] .s.d.r.c.RepositoryConfigurationDelegate : Finished Spring Data repository scanning in 53 ms. Found 1 JPA repository interface.
2026-04-16T17:28:51.904+02:00  INFO 4964 --- [           main] org.hibernate.orm.jpa                    : HHH008540: Processing PersistenceUnitInfo [name: default]
2026-04-16T17:28:51.953+02:00  INFO 4964 --- [           main] o.s.o.j.p.SpringPersistenceUnitInfo      : No LoadTimeWeaver setup: ignoring JPA class transformer
2026-04-16T17:28:51.957+02:00  INFO 4964 --- [           main] com.zaxxer.hikari.HikariDataSource       : HikariPool-3 - Starting...
2026-04-16T17:28:51.963+02:00  INFO 4964 --- [           main] com.zaxxer.hikari.pool.HikariPool        : HikariPool-3 - Added connection conn20: url=jdbc:h2:mem:securitytest user=SA
2026-04-16T17:28:51.963+02:00  INFO 4964 --- [           main] com.zaxxer.hikari.HikariDataSource       : HikariPool-3 - Start completed.
2026-04-16T17:28:51.965+02:00  INFO 4964 --- [           main] org.hibernate.orm.connections.pooling    : HHH10001005: Database info:
	Database JDBC URL [jdbc:h2:mem:securitytest]
	Database driver: H2 JDBC Driver
	Database dialect: H2Dialect
	Database version: 2.4.240
	Default catalog/schema: SECURITYTEST/PUBLIC
	Autocommit mode: undefined/unknown
	Isolation level: READ_COMMITTED [default READ_COMMITTED]
	JDBC fetch size: 100
	Pool: DataSourceConnectionProvider
	Minimum pool size: undefined/unknown
	Maximum pool size: undefined/unknown
2026-04-16T17:28:52.026+02:00  INFO 4964 --- [           main] org.hibernate.orm.core                   : HHH000489: No JTA platform available (set 'hibernate.transaction.jta.platform' to enable JTA platform integration)
Hibernate: drop table if exists game cascade 
Hibernate: create table game (development_year integer, score float(53), id bigint generated by default as identity, recorded_at timestamp(6), description varchar(255), title varchar(255) unique, primary key (id))
2026-04-16T17:28:52.033+02:00  INFO 4964 --- [           main] j.LocalContainerEntityManagerFactoryBean : Initialized JPA EntityManagerFactory for persistence unit 'default'
2026-04-16T17:28:52.093+02:00  INFO 4964 --- [           main] e.m.s.a.i.config.SecurityConfig          : CORS allowed origins: [http://localhost:3000]
2026-04-16T17:28:52.500+02:00  INFO 4964 --- [           main] o.s.b.a.e.web.EndpointLinksResolver      : Exposing 2 endpoints beneath base path '/actuator'
2026-04-16T17:28:52.528+02:00  INFO 4964 --- [           main] e.m.spring.api.SecurityIntegrationTest   : Started SecurityIntegrationTest in 1.987 seconds (process running for 21.237)
2026-04-16T17:28:52.556+02:00  INFO 4964 --- [           main] o.s.b.t.m.w.SpringBootMockServletContext : Initializing Spring TestDispatcherServlet ''
2026-04-16T17:28:52.557+02:00  INFO 4964 --- [           main] o.s.t.web.servlet.TestDispatcherServlet  : Initializing Servlet ''
2026-04-16T17:28:52.558+02:00  INFO 4964 --- [           main] o.s.t.web.servlet.TestDispatcherServlet  : Completed initialization in 1 ms
2026-04-16T17:28:52.584+02:00  INFO 4964 --- [           main] o.s.b.t.m.w.SpringBootMockServletContext : Initializing Spring TestDispatcherServlet ''
2026-04-16T17:28:52.585+02:00  INFO 4964 --- [           main] o.s.t.web.servlet.TestDispatcherServlet  : Initializing Servlet ''
2026-04-16T17:28:52.586+02:00  INFO 4964 --- [           main] o.s.t.web.servlet.TestDispatcherServlet  : Completed initialization in 1 ms
2026-04-16T17:28:52.694+02:00  INFO 4964 --- [           main] o.s.b.t.m.w.SpringBootMockServletContext : Initializing Spring TestDispatcherServlet ''
2026-04-16T17:28:52.696+02:00  INFO 4964 --- [           main] o.s.t.web.servlet.TestDispatcherServlet  : Initializing Servlet ''
2026-04-16T17:28:52.697+02:00  INFO 4964 --- [           main] o.s.t.web.servlet.TestDispatcherServlet  : Completed initialization in 1 ms
Hibernate: insert into game (description,development_year,recorded_at,score,title,id) values (?,?,?,?,?,default)
2026-04-16T17:28:52.732+02:00  INFO 4964 --- [           main] e.m.s.a.a.service.GameServiceImpl        : Game created with id 1 and title 'Secured Game 1776353332698'
2026-04-16T17:28:52.745+02:00  INFO 4964 --- [           main] o.s.b.t.m.w.SpringBootMockServletContext : Initializing Spring TestDispatcherServlet ''
2026-04-16T17:28:52.745+02:00  INFO 4964 --- [           main] o.s.t.web.servlet.TestDispatcherServlet  : Initializing Servlet ''
2026-04-16T17:28:52.746+02:00  INFO 4964 --- [           main] o.s.t.web.servlet.TestDispatcherServlet  : Completed initialization in 1 ms
2026-04-16T17:28:52.763+02:00  INFO 4964 --- [           main] o.s.b.t.m.w.SpringBootMockServletContext : Initializing Spring TestDispatcherServlet ''
2026-04-16T17:28:52.763+02:00  INFO 4964 --- [           main] o.s.t.web.servlet.TestDispatcherServlet  : Initializing Servlet ''
2026-04-16T17:28:52.764+02:00  INFO 4964 --- [           main] o.s.t.web.servlet.TestDispatcherServlet  : Completed initialization in 1 ms
Hibernate: select g1_0.id,g1_0.description,g1_0.development_year,g1_0.recorded_at,g1_0.score,g1_0.title from game g1_0
2026-04-16T17:28:52.792+02:00  INFO 4964 --- [           main] o.s.b.t.m.w.SpringBootMockServletContext : Initializing Spring TestDispatcherServlet ''
2026-04-16T17:28:52.792+02:00  INFO 4964 --- [           main] o.s.t.web.servlet.TestDispatcherServlet  : Initializing Servlet ''
2026-04-16T17:28:52.794+02:00  INFO 4964 --- [           main] o.s.t.web.servlet.TestDispatcherServlet  : Completed initialization in 2 ms
2026-04-16T17:28:52.804+02:00  INFO 4964 --- [           main] o.s.b.t.m.w.SpringBootMockServletContext : Initializing Spring TestDispatcherServlet ''
2026-04-16T17:28:52.804+02:00  INFO 4964 --- [           main] o.s.t.web.servlet.TestDispatcherServlet  : Initializing Servlet ''
2026-04-16T17:28:52.805+02:00  INFO 4964 --- [           main] o.s.t.web.servlet.TestDispatcherServlet  : Completed initialization in 1 ms
[INFO] Tests run: 7, Failures: 0, Errors: 0, Skipped: 0, Time elapsed: 2.300 s -- in es.marugi.spring.api.SecurityIntegrationTest
[INFO] Running es.marugi.spring.api.arch.ControllerRulesTest
2026-04-16T17:28:52.836+02:00  INFO 4964 --- [           main] com.tngtech.archunit.core.PluginLoader   : Detected Java version 25.0.2
[INFO] Tests run: 2, Failures: 0, Errors: 0, Skipped: 0, Time elapsed: 2.442 s -- in es.marugi.spring.api.arch.ControllerRulesTest
[INFO] Running es.marugi.spring.api.arch.DaoRulesTest
[INFO] Tests run: 4, Failures: 0, Errors: 0, Skipped: 0, Time elapsed: 0.120 s -- in es.marugi.spring.api.arch.DaoRulesTest
[INFO] Running es.marugi.spring.api.arch.OnionArchitectureTest
[INFO] Tests run: 1, Failures: 0, Errors: 0, Skipped: 0, Time elapsed: 0.643 s -- in es.marugi.spring.api.arch.OnionArchitectureTest
[INFO] 
[INFO] Results:
[INFO] 
[INFO] Tests run: 32, Failures: 0, Errors: 0, Skipped: 0
[INFO] 
[INFO] ------------------------------------------------------------------------
[INFO] BUILD SUCCESS
[INFO] ------------------------------------------------------------------------
[INFO] Total time:  01:36 min
[INFO] Finished at: 2026-04-16T17:28:56+02:00
[INFO] ------------------------------------------------------------------------
